<?xml version="1.0" encoding="UTF-8"?>
<!-- Generated by org.testng.reporters.JUnitXMLReporter -->
<testsuite ignored="0" hostname="Husain" failures="0" tests="23" name="Test" time="329.918" errors="0" timestamp="2023-11-07T07:53:07 EST">
  <testcase classname="com.ActualTest.AutoDropDown" name="autoDropDown" time="0.686"/>
  <testcase classname="com.nopcommerce_Test.NopCommerce_LoginTest" name="LoginTest" time="65.025"/>
  <testcase classname="com.ActualTest.automationtesting_DatePicker_Test_Good" name="expediaDateTest" time="4.295"/>
  <testcase classname="com.nopcommerce_Test.NopCommerce__Window2__Demo__Test" name="window2DemoTest" time="75.176"/>
  <testcase classname="com.nopcommerce_Test.Promotion_Campaign_Test" name="campaignTest" time="5.512"/>
  <testcase classname="com.nopcommerce_Test.Promotion_Discount_Test" name="discountTest" time="9.614"/>
  <testcase classname="com.ActualTest.BootstrapDropDown" name="dropDown" time="0.315"/>
  <testcase classname="com.nopcommerce_Test.Ptomotion_Affiliate_Test" name="affiliateTest" time="16.978"/>
  <testcase classname="com.ActualTest.DatePicker_Automation_Good" name="pickDate" time="2.077"/>
  <testcase classname="com.ActualTest.DropDown_withoutSelect_twoPlug" name="dropDownTest" time="0.294"/>
  <testcase classname="com.ActualTest.Expedia_DatePicker_Good" name="datePick" time="2.451"/>
  <testcase classname="com.ActualTest.Ex_DatPicker_good" name="expediaDateTest" time="1.932"/>
  <testcase classname="com.ActualTest.HandleCheckBox_Good" name="chekBoxTest" time="0.42"/>
  <testcase classname="com.ActualTest.HandleWebTable_good" name="WebTableTest" time="6.485"/>
  <testcase classname="com.ActualTest.Selenium_CheckBox_Good" name="tableDemoTest" time="3.952"/>
  <testcase classname="com.ActualTest.Selenium_CustomerDelete_Test" name="customerDeletTest" time="0.092"/>
  <testcase classname="com.ActualTest.Selenium_WebTable_Test" name="webTableTest" time="0.525"/>
  <testcase classname="com.ActualTest.SouthWestAirlines_DatePicker_Good" name="dummyTest" time="2.841"/>
  <testcase classname="com.ActualTest.TC_CustomizedTest_Good" name="customizedTest" time="3.637"/>
  <testcase classname="com.ActualTest.TC_FlightTest_001" name="flightTest" time="6.105"/>
  <testcase classname="com.ActualTest.TC_LoginPageTest_Good" name="loginTest" time="3.327"/>
  <testcase classname="com.ActualTest.TC_SelectMenu_DropDown_withoutSelect_Good" name="dropDownWithoutSelect" time="4.084"/>
  <testcase classname="com.ActualTest.WindowHandles" name="datePicker" time="10.76"/>
</testsuite> <!-- Test -->
