<?xml version="1.0" encoding="UTF-8"?>
<!-- Generated by org.testng.reporters.JUnitXMLReporter -->
<testsuite ignored="0" hostname="Husain" failures="0" tests="5" name="Test" time="56.876" errors="0" timestamp="2023-11-05T20:49:03 EST">
  <testcase classname="com.nopcommerce_Test.NopCommerce_LoginTest" name="LoginTest" time="5.796"/>
  <testcase classname="com.nopcommerce_Test.NopCommerce__Window2__Demo__Test" name="window2DemoTest" time="6.707"/>
  <testcase classname="com.nopcommerce_Test.Promotion_Campaign_Test" name="campaignTest" time="4.307"/>
  <testcase classname="com.nopcommerce_Test.Promotion_Discount_Test" name="discountTest" time="8.377"/>
  <testcase classname="com.nopcommerce_Test.Ptomotion_Affiliate_Test" name="affiliateTest" time="16.399"/>
</testsuite> <!-- Test -->
