<?xml version="1.0" encoding="UTF-8"?>
<testng-results ignored="0" total="1" passed="1" failed="0" skipped="0">
  <reporter-output>
  </reporter-output>
  <suite started-at="2023-10-08T19:31:02 EDT" name="Suite" finished-at="2023-10-08T19:31:06 EDT" duration-ms="3491">
    <groups>
    </groups>
    <test started-at="2023-10-08T19:31:02 EDT" name="Test" finished-at="2023-10-08T19:31:06 EDT" duration-ms="3491">
      <class name="com.ActualTest.TC_LoginPageTest_001">
        <test-method is-config="true" signature="setUp()[pri:0, instance:com.ActualTest.TC_LoginPageTest_001@5158b42f]" started-at="2023-10-08T19:31:02 EDT" name="setUp" finished-at="2023-10-08T19:31:05 EDT" duration-ms="2549" status="PASS">
          <reporter-output>
          </reporter-output>
        </test-method> <!-- setUp -->
        <test-method signature="loginTest()[pri:0, instance:com.ActualTest.TC_LoginPageTest_001@5158b42f]" started-at="2023-10-08T19:31:05 EDT" name="loginTest" finished-at="2023-10-08T19:31:06 EDT" duration-ms="906" status="PASS">
          <reporter-output>
          </reporter-output>
        </test-method> <!-- loginTest -->
      </class> <!-- com.ActualTest.TC_LoginPageTest_001 -->
    </test> <!-- Test -->
  </suite> <!-- Suite -->
</testng-results>
